{"uuid":"c338803f-aba6-4d42-8600-c71dfe52d256","historyId":"74cca10f97d58e0f1978725a529b0131","fullName":"com.selenium.tests.LoginTest.invalidLoginTestInvalidUserNameInvalidPassword","labels":[{"name":"package","value":"com.selenium.tests.LoginTest"},{"name":"testClass","value":"com.selenium.tests.LoginTest"},{"name":"testMethod","value":"invalidLoginTestInvalidUserNameInvalidPassword"},{"name":"parentSuite","value":"N11 Test Suite"},{"name":"suite","value":"LoginTest"},{"name":"subSuite","value":"com.selenium.tests.LoginTest"},{"name":"host","value":"LAPTOP-5ERPT2V0"},{"name":"thread","value":"21872@LAPTOP-5ERPT2V0.main(1)"},{"name":"framework","value":"testng"},{"name":"language","value":"java"},{"name":"story","value":"User tries to login the system with invalid username and invalid password."},{"name":"feature","value":"Login Features"},{"name":"epic","value":"Login Tests Epic"},{"name":"severity","value":"blocker"}],"links":[],"name":"invalidLoginTestInvalidUserNameInvalidPassword","status":"failed","statusDetails":{"known":false,"muted":false,"flaky":false,"message":"expected [Invalid Login] but found [Invalid login]","trace":"java.lang.AssertionError: expected [Invalid Login] but found [Invalid login]\r\n\tat org.testng.Assert.fail(Assert.java:110)\r\n\tat org.testng.Assert.failNotEquals(Assert.java:1413)\r\n\tat org.testng.Assert.assertEqualsImpl(Assert.java:149)\r\n\tat org.testng.Assert.assertEquals(Assert.java:131)\r\n\tat org.testng.Assert.assertEquals(Assert.java:655)\r\n\tat org.testng.Assert.assertEquals(Assert.java:665)\r\n\tat com.selenium.pages.LoginPage.thenIVerifyLoginFailMessage(LoginPage.java:45)\r\n\tat com.selenium.tests.LoginTest.invalidLoginTestInvalidUserNameInvalidPassword(LoginTest.java:29)\r\n\tat java.base/jdk.internal.reflect.NativeMethodAccessorImpl.invoke0(Native Method)\r\n\tat java.base/jdk.internal.reflect.NativeMethodAccessorImpl.invoke(NativeMethodAccessorImpl.java:77)\r\n\tat java.base/jdk.internal.reflect.DelegatingMethodAccessorImpl.invoke(DelegatingMethodAccessorImpl.java:43)\r\n\tat java.base/java.lang.reflect.Method.invoke(Method.java:568)\r\n\tat org.testng.internal.invokers.MethodInvocationHelper.invokeMethod(MethodInvocationHelper.java:139)\r\n\tat org.testng.internal.invokers.TestInvoker.invokeMethod(TestInvoker.java:677)\r\n\tat org.testng.internal.invokers.TestInvoker.invokeTestMethod(TestInvoker.java:221)\r\n\tat org.testng.internal.invokers.MethodRunner.runInSequence(MethodRunner.java:50)\r\n\tat org.testng.internal.invokers.TestInvoker$MethodInvocationAgent.invoke(TestInvoker.java:962)\r\n\tat org.testng.internal.invokers.TestInvoker.invokeTestMethods(TestInvoker.java:194)\r\n\tat org.testng.internal.invokers.TestMethodWorker.invokeTestMethods(TestMethodWorker.java:148)\r\n\tat org.testng.internal.invokers.TestMethodWorker.run(TestMethodWorker.java:128)\r\n\tat java.base/java.util.ArrayList.forEach(ArrayList.java:1511)\r\n\tat org.testng.TestRunner.privateRun(TestRunner.java:806)\r\n\tat org.testng.TestRunner.run(TestRunner.java:601)\r\n\tat org.testng.SuiteRunner.runTest(SuiteRunner.java:433)\r\n\tat org.testng.SuiteRunner.runSequentially(SuiteRunner.java:427)\r\n\tat org.testng.SuiteRunner.privateRun(SuiteRunner.java:387)\r\n\tat org.testng.SuiteRunner.run(SuiteRunner.java:330)\r\n\tat org.testng.SuiteRunnerWorker.runSuite(SuiteRunnerWorker.java:52)\r\n\tat org.testng.SuiteRunnerWorker.run(SuiteRunnerWorker.java:95)\r\n\tat org.testng.TestNG.runSuitesSequentially(TestNG.java:1256)\r\n\tat org.testng.TestNG.runSuitesLocally(TestNG.java:1176)\r\n\tat org.testng.TestNG.runSuites(TestNG.java:1099)\r\n\tat org.testng.TestNG.run(TestNG.java:1067)\r\n\tat org.apache.maven.surefire.testng.TestNGExecutor.run(TestNGExecutor.java:324)\r\n\tat org.apache.maven.surefire.testng.TestNGXmlTestSuite.execute(TestNGXmlTestSuite.java:74)\r\n\tat org.apache.maven.surefire.testng.TestNGProvider.invoke(TestNGProvider.java:123)\r\n\tat org.apache.maven.surefire.booter.ForkedBooter.runSuitesInProcess(ForkedBooter.java:456)\r\n\tat org.apache.maven.surefire.booter.ForkedBooter.execute(ForkedBooter.java:169)\r\n\tat org.apache.maven.surefire.booter.ForkedBooter.run(ForkedBooter.java:595)\r\n\tat org.apache.maven.surefire.booter.ForkedBooter.main(ForkedBooter.java:581)\r\n"},"stage":"finished","description":"Invalid Login Test with Invalid Username and Invalid Password.","steps":[{"name":"Open CRM home page step...","status":"passed","stage":"finished","steps":[],"attachments":[{"name":"Page screenshot","source":"a47a6c92-eaaf-4437-8b31-c9824083037b-attachment","type":"image/png"},{"name":"Open CRM home page step... failed and screenshot taken!","source":"5aebfd56-ca42-4097-b635-2c177e14202f-attachment","type":"text/plain"}],"parameters":[],"start":1658924393248,"stop":1658924395807},{"name":"Go to Login Page step...","status":"passed","stage":"finished","steps":[],"attachments":[{"name":"Page screenshot","source":"2ff2946f-9347-4e6b-a67e-578af1c68e64-attachment","type":"image/png"},{"name":"Go to Login Page step... failed and screenshot taken!","source":"8f79862d-1fc1-41f1-8583-f5da82e113ec-attachment","type":"text/plain"}],"parameters":[],"start":1658924395808,"stop":1658924400539},{"name":"Login to CRM with sathish.s@gmail.com and R@@Tii5672 step...","status":"passed","stage":"finished","steps":[],"attachments":[{"name":"Page screenshot","source":"4a18642e-92eb-46e6-bb60-4603de086d93-attachment","type":"image/png"},{"name":"Login to CRM with sathish.s@gmail.com and R@@Tii5672 step... failed and screenshot taken!","source":"a11e2af3-a8e1-49e9-9585-8447169aca13-attachment","type":"text/plain"}],"parameters":[{"name":"email","value":"sathish.s@gmail.com"},{"name":"password","value":"R@@Tii5672"}],"start":1658924400542,"stop":1658924403079},{"name":"Verify \"Invalid Login\" text displayed step...","status":"failed","statusDetails":{"known":false,"muted":false,"flaky":false,"message":"expected [Invalid Login] but found [Invalid login]","trace":"java.lang.AssertionError: expected [Invalid Login] but found [Invalid login]\r\n\tat org.testng.Assert.fail(Assert.java:110)\r\n\tat org.testng.Assert.failNotEquals(Assert.java:1413)\r\n\tat org.testng.Assert.assertEqualsImpl(Assert.java:149)\r\n\tat org.testng.Assert.assertEquals(Assert.java:131)\r\n\tat org.testng.Assert.assertEquals(Assert.java:655)\r\n\tat org.testng.Assert.assertEquals(Assert.java:665)\r\n\tat com.selenium.pages.LoginPage.thenIVerifyLoginFailMessage(LoginPage.java:45)\r\n\tat com.selenium.tests.LoginTest.invalidLoginTestInvalidUserNameInvalidPassword(LoginTest.java:29)\r\n\tat java.base/jdk.internal.reflect.NativeMethodAccessorImpl.invoke0(Native Method)\r\n\tat java.base/jdk.internal.reflect.NativeMethodAccessorImpl.invoke(NativeMethodAccessorImpl.java:77)\r\n\tat java.base/jdk.internal.reflect.DelegatingMethodAccessorImpl.invoke(DelegatingMethodAccessorImpl.java:43)\r\n\tat java.base/java.lang.reflect.Method.invoke(Method.java:568)\r\n\tat org.testng.internal.invokers.MethodInvocationHelper.invokeMethod(MethodInvocationHelper.java:139)\r\n\tat org.testng.internal.invokers.TestInvoker.invokeMethod(TestInvoker.java:677)\r\n\tat org.testng.internal.invokers.TestInvoker.invokeTestMethod(TestInvoker.java:221)\r\n\tat org.testng.internal.invokers.MethodRunner.runInSequence(MethodRunner.java:50)\r\n\tat org.testng.internal.invokers.TestInvoker$MethodInvocationAgent.invoke(TestInvoker.java:962)\r\n\tat org.testng.internal.invokers.TestInvoker.invokeTestMethods(TestInvoker.java:194)\r\n\tat org.testng.internal.invokers.TestMethodWorker.invokeTestMethods(TestMethodWorker.java:148)\r\n\tat org.testng.internal.invokers.TestMethodWorker.run(TestMethodWorker.java:128)\r\n\tat java.base/java.util.ArrayList.forEach(ArrayList.java:1511)\r\n\tat org.testng.TestRunner.privateRun(TestRunner.java:806)\r\n\tat org.testng.TestRunner.run(TestRunner.java:601)\r\n\tat org.testng.SuiteRunner.runTest(SuiteRunner.java:433)\r\n\tat org.testng.SuiteRunner.runSequentially(SuiteRunner.java:427)\r\n\tat org.testng.SuiteRunner.privateRun(SuiteRunner.java:387)\r\n\tat org.testng.SuiteRunner.run(SuiteRunner.java:330)\r\n\tat org.testng.SuiteRunnerWorker.runSuite(SuiteRunnerWorker.java:52)\r\n\tat org.testng.SuiteRunnerWorker.run(SuiteRunnerWorker.java:95)\r\n\tat org.testng.TestNG.runSuitesSequentially(TestNG.java:1256)\r\n\tat org.testng.TestNG.runSuitesLocally(TestNG.java:1176)\r\n\tat org.testng.TestNG.runSuites(TestNG.java:1099)\r\n\tat org.testng.TestNG.run(TestNG.java:1067)\r\n\tat org.apache.maven.surefire.testng.TestNGExecutor.run(TestNGExecutor.java:324)\r\n\tat org.apache.maven.surefire.testng.TestNGXmlTestSuite.execute(TestNGXmlTestSuite.java:74)\r\n\tat org.apache.maven.surefire.testng.TestNGProvider.invoke(TestNGProvider.java:123)\r\n\tat org.apache.maven.surefire.booter.ForkedBooter.runSuitesInProcess(ForkedBooter.java:456)\r\n\tat org.apache.maven.surefire.booter.ForkedBooter.execute(ForkedBooter.java:169)\r\n\tat org.apache.maven.surefire.booter.ForkedBooter.run(ForkedBooter.java:595)\r\n\tat org.apache.maven.surefire.booter.ForkedBooter.main(ForkedBooter.java:581)\r\n"},"stage":"finished","steps":[],"attachments":[{"name":"Page screenshot","source":"e66b72c2-be48-4f33-8326-71223b634693-attachment","type":"image/png"},{"name":"Verify \"Invalid Login\" text displayed step... failed and screenshot taken!","source":"cc0049d7-dcb6-41be-ad6b-6de0f936660e-attachment","type":"text/plain"}],"parameters":[{"name":"expectedText","value":"Invalid Login"}],"start":1658924403079,"stop":1658924405488}],"attachments":[],"parameters":[],"start":1658924393161,"stop":1658924405495}